<?xml version="1.0" encoding="UTF-8"?>
<!-- Generated by org.testng.reporters.JUnitReportReporter -->
<testsuite hostname="DESKTOP-H57JF2P" name="MainPageTest" tests="5" failures="0" timestamp="28 Aug 2020 17:11:03 GMT" time="36.762" errors="0">
  <testcase name="Banner_jumping_after_10_sec_and_clickable" time="14.779" classname="MainPageTest"/>
  <testcase name="Current_date_site" time="4.715" classname="MainPageTest"/>
  <testcase name="Click_on_the_table_making_calls" time="7.642" classname="MainPageTest"/>
  <testcase name="Table_contains_5_lines_and_clickable" time="5.041" classname="MainPageTest"/>
  <testcase name="Scores_and_Starts_are_going_down" time="4.585" classname="MainPageTest"/>
</testsuite> <!-- MainPageTest -->
